Server running at http://localhost:8090/
Draft site: http://localhost:8090/draft/
Request: /injection-lipolysis001/?region_id=056&gclid=test&utm_creative=test&max_scroll=100&detail_click=%E3%83%87%E3%82%A3%E3%82%AA%E3%82%AF%E3%83%AA%E3%83%8B%E3%83%83%E3%82%AF&detail_rank=1
Request: /injection-lipolysis001/images/injection-MV.webp
Request: /injection-lipolysis001/styles.css?v=2025080101
Request: /injection-lipolysis001/styles.css?v=2025080104
Request: /injection-lipolysis001/responsive-fix-480-768.css?v=2025080104
Request: /injection-lipolysis001/app.js?v=2025080101
Request: /images/favicon.png
Request: /images/ranking_header_banner.webp
Request: /images/clinics/dio/dio-logo.webp
Request: /images/clinics/urara/urara-logo.webp
Request: /injection-lipolysis001/config/clinic-urls.js?v=2025072201
Request: /tracking-params.js
Request: /images/clinics/lieto/lieto-logo.webp
Request: /images/details_header_bannar3.webp
Request: /images/column.webp
Request: /images/clinics/dio/dio_detail_bnr.webp
Request: /injection-lipolysis001/app.js?v=2025080108
Request: /url-tracking.js?v=2025072201
Request: /images/injection-lipolysis/Tips1.webp
Request: /injection-lipolysis001/data/compiled-data.json
Request: /injection-lipolysis001/data/site-common-texts.json
Request: /injection-lipolysis001/data/clinic-texts.json
Request: /images/badges/rank-1.svg
Request: /images/badges/rank-2.svg
Request: /images/clinics/dsc/dsc-logo.jpg
Request: /images/badges/rank-3.svg
Request: /images/clinics/eminal/eminal-logo.webp
Request: /images/badges/rank-4.svg
Request: /images/clinics/sbc/sbc-logo.webp
Request: /images/review_icon/review_icon2.webp
Request: /images/review_icon/review_icon3.webp
Request: /images/review_icon/review_icon4.webp
Request: /images/review_icon/review_icon5.webp
Request: /images/review_icon/review_icon6.webp
Request: /images/review_icon/review_icon7.webp
Request: /images/review_icon/review_icon8.webp
Request: /images/review_icon/review_icon9.webp
Request: /images/review_icon/review_icon1.webp
Request: /images/clinics/dio/dio_clinic/clinic_image_001.webp
Request: /images/clinics/dsc/dsc_detail_bnr.jpg
Request: /images/clinics/dsc/dsc_clinic/clinic_image_001.webp
Request: /images/clinics/dsc/dsc-logo.webp
Request: /images/clinics/eminal/eminal_detail_bnr.webp
Request: /images/clinics/eminal/eminal_clinic/clinic_image_001.webp
Request: /images/clinics/sbc/sbc_detail_bnr.webp
Request: /injection-lipolysis001/data/clinic-texts.json
Request: /sw.js
Request: /images/favicon.png
Request: /
Request: /styles.css
Request: /app.js
Request: /images/MV2.webp
Request: /images/favicon.png
Request: /images/ranking_header_banner.webp
Request: /injection-lipolysis001/data/clinic-texts.json
Request: /cryolipolysis/?region_id=013
Request: /cryolipolysis/
Request: /cryolipolysis/?region_id=013
Request: /images/injection-MV.webp
Request: /cryolipolysis/styles.css?v=2025080101
Request: /cryolipolysis/styles.css?v=2025080104
Request: /cryolipolysis/responsive-fix-480-768.css?v=2025080104
Request: /cryolipolysis/simple-case-carousel.css?v=2025080113
Request: /cryolipolysis/simple-case-carousel-override.css?v=2025080114
Request: /cryolipolysis/app.js?v=2025080101
Request: /cryolipolysis/simple-case-carousel.js?v=2025080115
Request: /images/favicon.png
Request: /images/ranking_header_banner.webp
Request: /images/clinics/dio/dio-logo.webp
Request: /images/clinics/urara/urara-logo.webp
Request: /cryolipolysis/config/clinic-urls.js?v=2025072201
Request: /tracking-params.js
Request: /images/clinics/lieto/lieto-logo.webp
Request: /images/details_header_bannar3.webp
Request: /images/column.webp
Request: /images/clinics/dio/dio_detail_bnr.webp
Request: /cryolipolysis/app.js?v=2025080108
Request: /url-tracking.js?v=2025072201
Request: /images/cryolipolysis/Tips1.webp
Request: /cryolipolysis/data/compiled-data.json
Request: /cryolipolysis/data/site-common-texts.json
Request: /cryolipolysis/data/clinic-texts.json
Request: /cryolipolysis/data/clinic-texts.json
Request: /images/badges/rank-1.svg
Request: /images/badges/rank-2.svg
Request: /images/badges/rank-3.svg
Request: /images/badges/rank-4.svg
Request: /images/badges/rank-5.svg
Request: /images/clinics/eminal/eminal-logo.webp
Request: /images/review_icon/review_icon1.webp
Request: /images/review_icon/review_icon2.webp
Request: /images/review_icon/review_icon3.webp
Request: /images/review_icon/review_icon9.webp
Request: /images/review_icon/review_icon5.webp
Request: /images/review_icon/review_icon6.webp
Request: /images/review_icon/review_icon7.webp
Request: /images/review_icon/review_icon8.webp
Request: /images/clinics/dio/dio_clinic/clinic_image_001.webp
Request: /images/clinics/dio/dio_clinic/clinic_image_002.webp
Request: /images/clinics/dio/dio_clinic/clinic_image_003.webp
Request: /images/clinics/dio/dio_clinic/clinic_image_004.webp
Request: /images/clinics/dio/dio_clinic/clinic_image_005.webp
Request: /images/clinics/dio/dio_clinic/clinic_image_006.webp
Request: /images/clinics/urara/urara_detail_bnr.webp
Request: /images/review_icon/review_icon4.webp
Request: /images/clinics/urara/urara_clinic/clinic_image_001.webp
Request: /images/clinics/lieto/lieto_detail_bnr.webp
Request: /images/review_icon/review_icon10.webp
Request: /images/clinics/lieto/lieto_clinic/clinic_image_001.webp
Request: /images/clinics/eminal/eminal_detail_bnr.webp
Request: /images/clinics/eminal/eminal_clinic/clinic_image_001.webp
Request: /images/clinics/eminal/eminal_clinic/clinic_image_002.webp
Request: /sw.js
Request: /
Request: /styles.css
Request: /app.js
Request: /images/MV2.webp
Request: /images/favicon.png
Request: /images/ranking_header_banner.webp
Request: /images/favicon.png
Request: /cryolipolysis/data/clinic-texts.json
Request: /injection-lipolysis001/?region_id=056&detail_click=%E3%83%87%E3%82%A3%E3%82%AA%E3%82%AF%E3%83%AA%E3%83%8B%E3%83%83%E3%82%AF&detail_rank=1
Request: /injection-lipolysis001/images/injection-MV.webp
Request: /injection-lipolysis001/styles.css?v=2025080101
Request: /injection-lipolysis001/styles.css?v=2025080104
Request: /injection-lipolysis001/responsive-fix-480-768.css?v=2025080104
Request: /injection-lipolysis001/app.js?v=2025080101
Request: /images/favicon.png
Request: /images/ranking_header_banner.webp
Request: /images/clinics/dio/dio-logo.webp
Request: /images/clinics/urara/urara-logo.webp
Request: /tracking-params.js
Request: /images/clinics/lieto/lieto-logo.webp
Request: /images/details_header_bannar3.webp
Request: /images/column.webp
Request: /images/clinics/dio/dio_detail_bnr.webp
Request: /injection-lipolysis001/app.js?v=2025080108
Request: /url-tracking.js?v=2025072201
Request: /images/injection-lipolysis/Tips1.webp
Request: /injection-lipolysis001/data/compiled-data.json
Request: /injection-lipolysis001/data/site-common-texts.json
Request: /injection-lipolysis001/data/clinic-texts.json
Request: /images/badges/rank-1.svg
Request: /images/badges/rank-2.svg
Request: /images/clinics/dsc/dsc-logo.jpg
Request: /images/badges/rank-3.svg
Request: /images/clinics/eminal/eminal-logo.webp
Request: /images/badges/rank-4.svg
Request: /images/clinics/sbc/sbc-logo.webp
Request: /images/review_icon/review_icon2.webp
Request: /images/review_icon/review_icon3.webp
Request: /images/review_icon/review_icon4.webp
Request: /images/review_icon/review_icon5.webp
Request: /images/review_icon/review_icon6.webp
Request: /images/review_icon/review_icon7.webp
Request: /images/review_icon/review_icon8.webp
Request: /images/review_icon/review_icon9.webp
Request: /images/review_icon/review_icon1.webp
Request: /images/clinics/dio/dio_clinic/clinic_image_001.webp
Request: /images/clinics/dsc/dsc_detail_bnr.jpg
Request: /images/clinics/dsc/dsc_clinic/clinic_image_001.webp
Request: /images/clinics/dsc/dsc-logo.webp
Request: /images/clinics/eminal/eminal_detail_bnr.webp
Request: /images/clinics/sbc/sbc_detail_bnr.webp
Request: /images/clinics/sbc/sbc_clinic/clinic_image_001.webp
Request: /images/clinics/sbc/sbc_clinic/clinic_image_002.webp
Request: /injection-lipolysis001/data/clinic-texts.json
Request: /sw.js
Request: /
Request: /styles.css
Request: /app.js
Request: /images/MV2.webp
Request: /images/favicon.png
Request: /images/ranking_header_banner.webp
Request: /images/favicon.png
Request: /injection-lipolysis001/data/clinic-texts.json
Request: /injection-lipolysis001/?region_id=056&detail_click=%E3%83%87%E3%82%A3%E3%82%AA%E3%82%AF%E3%83%AA%E3%83%8B%E3%83%83%E3%82%AF&detail_rank=1
Request: /injection-lipolysis001/images/injection-MV.webp
Request: /injection-lipolysis001/styles.css?v=2025080101
Request: /injection-lipolysis001/styles.css?v=2025080104
Request: /injection-lipolysis001/responsive-fix-480-768.css?v=2025080104
Request: /injection-lipolysis001/app.js?v=2025080101
Request: /images/favicon.png
Request: /images/ranking_header_banner.webp
Request: /images/clinics/dio/dio-logo.webp
Request: /images/clinics/urara/urara-logo.webp
Request: /tracking-params.js
Request: /images/clinics/lieto/lieto-logo.webp
Request: /images/details_header_bannar3.webp
Request: /images/column.webp
Request: /images/clinics/dio/dio_detail_bnr.webp
Request: /injection-lipolysis001/app.js?v=2025080108
Request: /url-tracking.js?v=2025072201
Request: /images/injection-lipolysis/Tips1.webp
Request: /injection-lipolysis001/data/compiled-data.json
Request: /injection-lipolysis001/data/site-common-texts.json
Request: /injection-lipolysis001/data/clinic-texts.json
Request: /images/badges/rank-1.svg
Request: /images/badges/rank-2.svg
Request: /images/clinics/dsc/dsc-logo.jpg
Request: /images/badges/rank-3.svg
Request: /images/clinics/eminal/eminal-logo.webp
Request: /images/badges/rank-4.svg
Request: /images/clinics/sbc/sbc-logo.webp
Request: /images/review_icon/review_icon2.webp
Request: /images/review_icon/review_icon3.webp
Request: /images/review_icon/review_icon4.webp
Request: /images/review_icon/review_icon5.webp
Request: /images/review_icon/review_icon6.webp
Request: /images/review_icon/review_icon7.webp
Request: /images/review_icon/review_icon8.webp
Request: /images/review_icon/review_icon9.webp
Request: /images/review_icon/review_icon1.webp
Request: /images/clinics/dio/dio_clinic/clinic_image_001.webp
Request: /images/clinics/dsc/dsc_detail_bnr.jpg
Request: /images/clinics/dsc/dsc_clinic/clinic_image_001.webp
Request: /images/clinics/dsc/dsc-logo.webp
Request: /images/clinics/eminal/eminal_detail_bnr.webp
Request: /images/clinics/sbc/sbc_detail_bnr.webp
Request: /images/clinics/sbc/sbc_clinic/clinic_image_001.webp
Request: /images/clinics/sbc/sbc_clinic/clinic_image_002.webp
Request: /injection-lipolysis001/data/clinic-texts.json
Request: /images/favicon.png
Request: /sw.js
Request: /
Request: /styles.css
Request: /app.js
Request: /images/MV2.webp
Request: /images/favicon.png
Request: /images/ranking_header_banner.webp
Request: /injection-lipolysis001/data/clinic-texts.json
Request: /injection-lipolysis001/?region_id=056
Request: /injection-lipolysis001/images/injection-MV.webp
Request: /injection-lipolysis001/styles.css?v=2025080101
Request: /injection-lipolysis001/styles.css?v=2025080104
Request: /injection-lipolysis001/responsive-fix-480-768.css?v=2025080104
Request: /injection-lipolysis001/app.js?v=2025080101
Request: /images/favicon.png
Request: /images/ranking_header_banner.webp
Request: /images/clinics/dio/dio-logo.webp
Request: /images/clinics/urara/urara-logo.webp
Request: /tracking-params.js
Request: /images/clinics/lieto/lieto-logo.webp
Request: /images/details_header_bannar3.webp
Request: /images/column.webp
Request: /images/clinics/dio/dio_detail_bnr.webp
Request: /injection-lipolysis001/app.js?v=2025080108
Request: /url-tracking.js?v=2025072201
Request: /images/injection-lipolysis/Tips1.webp
Request: /injection-lipolysis001/data/compiled-data.json
Request: /injection-lipolysis001/data/site-common-texts.json
Request: /injection-lipolysis001/data/clinic-texts.json
Request: /images/badges/rank-1.svg
Request: /images/badges/rank-2.svg
Request: /images/clinics/dsc/dsc-logo.jpg
Request: /images/badges/rank-3.svg
Request: /images/clinics/eminal/eminal-logo.webp
Request: /images/badges/rank-4.svg
Request: /images/clinics/sbc/sbc-logo.webp
Request: /images/review_icon/review_icon2.webp
Request: /images/review_icon/review_icon3.webp
Request: /images/review_icon/review_icon4.webp
Request: /images/review_icon/review_icon5.webp
Request: /images/review_icon/review_icon6.webp
Request: /images/review_icon/review_icon7.webp
Request: /images/review_icon/review_icon8.webp
Request: /images/review_icon/review_icon9.webp
Request: /images/review_icon/review_icon1.webp
Request: /images/clinics/dio/dio_clinic/clinic_image_001.webp
Request: /images/clinics/dsc/dsc_detail_bnr.jpg
Request: /images/clinics/dsc/dsc_clinic/clinic_image_001.webp
Request: /images/clinics/dsc/dsc-logo.webp
Request: /images/clinics/eminal/eminal_detail_bnr.webp
Request: /images/clinics/sbc/sbc_detail_bnr.webp
Request: /images/clinics/sbc/sbc_clinic/clinic_image_001.webp
Request: /images/clinics/sbc/sbc_clinic/clinic_image_002.webp
Request: /injection-lipolysis001/data/clinic-texts.json
Request: /images/favicon.png
Request: /sw.js
Request: /
Request: /styles.css
Request: /app.js
Request: /images/MV2.webp
Request: /images/favicon.png
Request: /images/ranking_header_banner.webp
Request: /injection-lipolysis001/data/clinic-texts.json
Request: /injection-lipolysis001/redirect.html?clinic_id=1&rank=1&region_id=056
Request: /injection-lipolysis001/config.js
Request: /injection-lipolysis001/data/clinic-texts.json
Request: /injection-lipolysis001/data/compiled-data.json
Request: /images/clinics/dio/dio-logo.webp
Request: /sw.js
Request: /injection-lipolysis001/redirect.html?clinic_id=6&rank=1&region_id=056
Request: /injection-lipolysis001/data/clinic-texts.json
Request: /injection-lipolysis001/data/compiled-data.json
Request: /images/clinics/dsc/dsc-logo.webp
Request: /images/clinics/dsc/dsc-logo.jpg
Request: /sw.js
Request: /injection-lipolysis001/redirect.html?clinic_id=2&rank=1&region_id=056
Request: /injection-lipolysis001/data/clinic-texts.json
Request: /injection-lipolysis001/data/compiled-data.json
Request: /images/clinics/eminal/eminal-logo.webp
Request: /sw.js
Request: /injection-lipolysis001/redirect.html?clinic_id=5&rank=1&region_id=056
Request: /injection-lipolysis001/data/clinic-texts.json
Request: /injection-lipolysis001/data/compiled-data.json
Request: /images/clinics/sbc/sbc-logo.webp
Request: /sw.js
Request: /injection-lipolysis001/redirect.html?clinic_id=1&rank=1&region_id=056
Request: /injection-lipolysis001/config.js
Request: /injection-lipolysis001/data/clinic-texts.json
Request: /images/favicon.png
Request: /injection-lipolysis001/data/compiled-data.json
Request: /images/clinics/dio/dio-logo.webp
Request: /injection-lipolysis001/redirect.html?clinic_id=1&rank=2&region_id=056
Request: /injection-lipolysis001/config.js
Request: /injection-lipolysis001/data/clinic-texts.json
Request: /injection-lipolysis001/data/compiled-data.json
Request: /images/favicon.png
Request: /images/clinics/dio/dio-logo.webp
Request: /injection-lipolysis001/redirect.html?clinic_id=1&rank=3&region_id=056
Request: /injection-lipolysis001/config.js
Request: /injection-lipolysis001/data/clinic-texts.json
Request: /injection-lipolysis001/data/compiled-data.json
Request: /images/favicon.png
Request: /images/clinics/dio/dio-logo.webp
Request: /injection-lipolysis001/redirect.html?clinic_id=1&rank=4&region_id=056
Request: /injection-lipolysis001/config.js
Request: /injection-lipolysis001/data/clinic-texts.json
Request: /images/favicon.png
Request: /injection-lipolysis001/data/compiled-data.json
Request: /images/clinics/dio/dio-logo.webp
Request: /injection-lipolysis001/redirect.html?clinic_id=1&rank=5&region_id=056
Request: /injection-lipolysis001/config.js
Request: /injection-lipolysis001/data/clinic-texts.json
Request: /images/favicon.png
Request: /injection-lipolysis001/data/compiled-data.json
Request: /images/clinics/dio/dio-logo.webp
Request: /injection-lipolysis001/redirect.html?clinic_id=6&rank=1&region_id=056
Request: /injection-lipolysis001/config.js
Request: /injection-lipolysis001/data/clinic-texts.json
Request: /injection-lipolysis001/data/compiled-data.json
Request: /images/favicon.png
Request: /images/clinics/dsc/dsc-logo.webp
Request: /images/clinics/dsc/dsc-logo.jpg
Request: /injection-lipolysis001/?region_id=056
Request: /injection-lipolysis001/images/injection-MV.webp
Request: /injection-lipolysis001/styles.css?v=2025080101
Request: /injection-lipolysis001/styles.css?v=2025080104
Request: /injection-lipolysis001/responsive-fix-480-768.css?v=2025080104
Request: /injection-lipolysis001/app.js?v=2025080101
Request: /images/favicon.png
Request: /images/ranking_header_banner.webp
Request: /images/clinics/dio/dio-logo.webp
Request: /images/clinics/urara/urara-logo.webp
Request: /tracking-params.js
Request: /images/clinics/lieto/lieto-logo.webp
Request: /images/details_header_bannar3.webp
Request: /images/column.webp
Request: /images/clinics/dio/dio_detail_bnr.webp
Request: /injection-lipolysis001/app.js?v=2025080108
Request: /url-tracking.js?v=2025072201
Request: /images/injection-lipolysis/Tips1.webp
Request: /injection-lipolysis001/data/compiled-data.json
Request: /injection-lipolysis001/data/site-common-texts.json
Request: /injection-lipolysis001/data/clinic-texts.json
Request: /images/badges/rank-1.svg
Request: /images/badges/rank-2.svg
Request: /images/clinics/dsc/dsc-logo.jpg
Request: /images/badges/rank-3.svg
Request: /images/clinics/eminal/eminal-logo.webp
Request: /images/badges/rank-4.svg
Request: /images/clinics/sbc/sbc-logo.webp
Request: /images/review_icon/review_icon2.webp
Request: /images/review_icon/review_icon3.webp
Request: /images/review_icon/review_icon4.webp
Request: /images/review_icon/review_icon5.webp
Request: /images/review_icon/review_icon6.webp
Request: /images/review_icon/review_icon7.webp
Request: /images/review_icon/review_icon8.webp
Request: /images/review_icon/review_icon9.webp
Request: /images/review_icon/review_icon1.webp
Request: /images/clinics/dio/dio_clinic/clinic_image_001.webp
Request: /images/clinics/dsc/dsc_detail_bnr.jpg
Request: /images/clinics/dsc/dsc_clinic/clinic_image_001.webp
Request: /images/clinics/dsc/dsc-logo.webp
Request: /images/clinics/eminal/eminal_detail_bnr.webp
Request: /images/clinics/sbc/sbc_detail_bnr.webp
Request: /images/clinics/sbc/sbc_clinic/clinic_image_001.webp
Request: /images/clinics/sbc/sbc_clinic/clinic_image_002.webp
Request: /injection-lipolysis001/data/clinic-texts.json
Request: /sw.js
Request: /
Request: /styles.css
Request: /app.js
Request: /images/MV2.webp
Request: /images/favicon.png
Request: /images/ranking_header_banner.webp
Request: /images/favicon.png
Request: /injection-lipolysis001/data/clinic-texts.json
Request: /injection-lipolysis001/?region_id=056
Request: /injection-lipolysis001/images/injection-MV.webp
Request: /injection-lipolysis001/styles.css?v=2025080101
Request: /injection-lipolysis001/styles.css?v=2025080104
Request: /injection-lipolysis001/responsive-fix-480-768.css?v=2025080104
Request: /injection-lipolysis001/app.js?v=2025080101
Request: /images/favicon.png
Request: /images/ranking_header_banner.webp
Request: /images/clinics/dio/dio-logo.webp
Request: /images/clinics/urara/urara-logo.webp
Request: /tracking-params.js
Request: /images/clinics/lieto/lieto-logo.webp
Request: /images/details_header_bannar3.webp
Request: /images/column.webp
Request: /images/clinics/dio/dio_detail_bnr.webp
Request: /injection-lipolysis001/app.js?v=2025080108
Request: /url-tracking.js?v=2025072201
Request: /images/injection-lipolysis/Tips1.webp
Request: /injection-lipolysis001/data/compiled-data.json
Request: /injection-lipolysis001/data/site-common-texts.json
Request: /injection-lipolysis001/data/clinic-texts.json
Request: /images/badges/rank-1.svg
Request: /images/badges/rank-2.svg
Request: /images/clinics/dsc/dsc-logo.jpg
Request: /images/badges/rank-3.svg
Request: /images/clinics/eminal/eminal-logo.webp
Request: /images/badges/rank-4.svg
Request: /images/clinics/sbc/sbc-logo.webp
Request: /images/review_icon/review_icon2.webp
Request: /images/review_icon/review_icon3.webp
Request: /images/review_icon/review_icon4.webp
Request: /images/review_icon/review_icon5.webp
Request: /images/review_icon/review_icon6.webp
Request: /images/review_icon/review_icon7.webp
Request: /images/review_icon/review_icon8.webp
Request: /images/review_icon/review_icon9.webp
Request: /images/review_icon/review_icon1.webp
Request: /images/clinics/dio/dio_clinic/clinic_image_001.webp
Request: /images/clinics/dsc/dsc_detail_bnr.jpg
Request: /images/clinics/dsc/dsc_clinic/clinic_image_001.webp
Request: /images/clinics/dsc/dsc-logo.webp
Request: /images/clinics/eminal/eminal_detail_bnr.webp
Request: /images/clinics/sbc/sbc_detail_bnr.webp
Request: /images/clinics/sbc/sbc_clinic/clinic_image_001.webp
Request: /images/clinics/sbc/sbc_clinic/clinic_image_002.webp
Request: /injection-lipolysis001/data/clinic-texts.json
Request: /images/favicon.png
Request: /sw.js
Request: /
Request: /styles.css
Request: /app.js
Request: /images/MV2.webp
Request: /images/favicon.png
Request: /images/ranking_header_banner.webp
Request: /injection-lipolysis001/data/clinic-texts.json
